0 info it worked if it ends with ok
1 verbose cli [
1 verbose cli   'C:\\Program Files\\nodejs\\node.exe',
1 verbose cli   'C:\\Program Files\\nodejs\\node_modules\\npm\\bin\\npm-cli.js',
1 verbose cli   'run',
1 verbose cli   'deploy'
1 verbose cli ]
2 info using npm@6.14.10
3 info using node@v14.15.4
4 verbose run-script [ 'predeploy', 'deploy', 'postdeploy' ]
5 info lifecycle Employee-Directory@1.0.0~predeploy: Employee-Directory@1.0.0
6 verbose lifecycle Employee-Directory@1.0.0~predeploy: unsafe-perm in lifecycle true
7 verbose lifecycle Employee-Directory@1.0.0~predeploy: PATH: C:\Program Files\nodejs\node_modules\npm\node_modules\npm-lifecycle\node-gyp-bin;C:\Users\Kenneth-Keller\Bootcamp\Homework\Employee-Directory\node_modules\.bin;C:\Program Files\Git\mingw64\bin;C:\Program Files\Git\usr\bin;C:\Users\Kenneth Keller\bin;C:\Python39\Scripts;C:\Python39;C:\windows\system32;C:\windows;C:\windows\System32\Wbem;C:\windows\System32\WindowsPowerShell\v1.0;C:\windows\System32\OpenSSH;C:\Program Files\Git\cmd;C:\Program Files\nodejs;C:\ProgramData\chocolatey\bin;C:\Users\Kenneth Keller\AppData\Local\Microsoft\WindowsApps;C:\Users\Kenneth Keller\AppData\Local\Programs\Microsoft VS Code\bin;C:\Users\Kenneth Keller\AppData\Roaming\npm;C:\Program Files\MySQL\MySQL Server 8.0\bin;C:\Program Files\heroku\bin;C:\Program Files\MongoDB\Server\4.4\bin
8 verbose lifecycle Employee-Directory@1.0.0~predeploy: CWD: C:\Users\Kenneth-Keller\Bootcamp\Homework\Employee-Directory
9 silly lifecycle Employee-Directory@1.0.0~predeploy: Args: [ '/d /s /c', 'npm run build' ]
10 silly lifecycle Employee-Directory@1.0.0~predeploy: Returned: code: 1  signal: null
11 info lifecycle Employee-Directory@1.0.0~predeploy: Failed to exec predeploy script
12 verbose stack Error: Employee-Directory@1.0.0 predeploy: `npm run build`
12 verbose stack Exit status 1
12 verbose stack     at EventEmitter.<anonymous> (C:\Program Files\nodejs\node_modules\npm\node_modules\npm-lifecycle\index.js:332:16)
12 verbose stack     at EventEmitter.emit (events.js:315:20)
12 verbose stack     at ChildProcess.<anonymous> (C:\Program Files\nodejs\node_modules\npm\node_modules\npm-lifecycle\lib\spawn.js:55:14)
12 verbose stack     at ChildProcess.emit (events.js:315:20)
12 verbose stack     at maybeClose (internal/child_process.js:1048:16)
12 verbose stack     at Process.ChildProcess._handle.onexit (internal/child_process.js:288:5)
13 verbose pkgid Employee-Directory@1.0.0
14 verbose cwd C:\Users\Kenneth-Keller\Bootcamp\Homework\Employee-Directory
15 verbose Windows_NT 10.0.19042
16 verbose argv "C:\\Program Files\\nodejs\\node.exe" "C:\\Program Files\\nodejs\\node_modules\\npm\\bin\\npm-cli.js" "run" "deploy"
17 verbose node v14.15.4
18 verbose npm  v6.14.10
19 error code ELIFECYCLE
20 error errno 1
21 error Employee-Directory@1.0.0 predeploy: `npm run build`
21 error Exit status 1
22 error Failed at the Employee-Directory@1.0.0 predeploy script.
22 error This is probably not a problem with npm. There is likely additional logging output above.
23 verbose exit [ 1, true ]
